#
# A fatal error has been detected by the Java Runtime Environment:
#
#  EXCEPTION_ACCESS_VIOLATION (0xc0000005) at pc=0x0000000054faf8a6, pid=11048, tid=0x00000000000007dc
#
# JRE version: OpenJDK Runtime Environment (8.0_152-b06) (build 1.8.0_152-release-1136-b06)
# Java VM: OpenJDK 64-Bit Server VM (25.152-b06 mixed mode windows-amd64 compressed oops)
# Problematic frame:
# V  [jvm.dll+0x3cf8a6]
#
# Failed to write core dump. Minidumps are not enabled by default on client versions of Windows
#
# If you would like to submit a bug report, please visit:
#   http://bugreport.java.com/bugreport/crash.jsp
#

---------------  T H R E A D  ---------------

Current thread (0x00000000027ac000):  GCTaskThread [stack: 0x0000000012520000,0x0000000012620000] [id=2012]

siginfo: ExceptionCode=0xc0000005, reading address 0xffffffffffffffff

Registers:
RAX=0x00000000551f6378, RBX=0x0020000100b3aff0, RCX=0x000000001261f8e0, RDX=0x0020000100b3aff0
RSP=0x000000001261f830, RBP=0x0000000000000000, RSI=0x000000001261f8e0, RDI=0x000000001cc6c230
R8 =0x0000000100b3b1f8, R9 =0x000000000000000c, R10=0x00000000200003bf, R11=0x00000000551f6170
R12=0x000000001261f8b0, R13=0x00000000027a25d0, R14=0x00000000027ac490, R15=0x00000000027ac4a0
RIP=0x0000000054faf8a6, EFLAGS=0x0000000000010206

Top of Stack: (sp=0x000000001261f830)
0x000000001261f830:   000000001cc6c230 0000000000000000
0x000000001261f840:   0000000000000000 000000001f1eaaf0
0x000000001261f850:   0020000100b3aff0 0000000054c1edec
0x000000001261f860:   0000000000000000 0000000000000000
0x000000001261f870:   000000001cc6c230 000000001261f8e0
0x000000001261f880:   00000000551f6050 0000000054fafad3
0x000000001261f890:   00000000219775b0 000000001261f910
0x000000001261f8a0:   0000000000000000 0000000016283540
0x000000001261f8b0:   00000000551f6170 0000000054fafc00
0x000000001261f8c0:   0000000016283540 00000000551f6388
0x000000001261f8d0:   0000000000000000 0000000016283540
0x000000001261f8e0:   00000000551f6378 000000000279d700
0x000000001261f8f0:   00000000551f62e0 0000000054f9de00
0x000000001261f900:   0000000016283540 0000000000000000
0x000000001261f910:   00000000219775b0 00000000027ac000
0x000000001261f920:   0000000000000000 0000000054f9ec9e 

Instructions: (pc=0x0000000054faf8a6)
0x0000000054faf886:   0d 75 6a 24 00 ba 83 00 00 00 e8 4b e2 e7 ff 48
0x0000000054faf896:   83 c4 28 e9 82 7c e9 ff cc cc 40 53 48 83 ec 20
0x0000000054faf8a6:   80 ba b4 00 00 00 01 4c 8b c2 48 8b d9 75 23 c6
0x0000000054faf8b6:   82 b4 00 00 00 00 48 89 51 28 48 8b 02 48 8d 51 


Register to memory mapping:

RAX=0x00000000551f6378 is an unknown value
RBX=0x0020000100b3aff0 is an unknown value
RCX=0x000000001261f8e0 is an unknown value
RDX=0x0020000100b3aff0 is an unknown value
RSP=0x000000001261f830 is an unknown value
RBP=0x0000000000000000 is an unknown value
RSI=0x000000001261f8e0 is an unknown value
RDI=0x000000001cc6c230 is an unknown value
R8 =0x0000000100b3b1f8 is pointing into metadata
R9 =0x000000000000000c is an unknown value
R10=0x00000000200003bf is an unknown value
R11=0x00000000551f6170 is an unknown value
R12=0x000000001261f8b0 is an unknown value
R13=0x00000000027a25d0 is an unknown value
R14=0x00000000027ac490 is an unknown value
R15=0x00000000027ac4a0 is an unknown value


Stack: [0x0000000012520000,0x0000000012620000],  sp=0x000000001261f830,  free space=1022k
Native frames: (J=compiled Java code, j=interpreted, Vv=VM code, C=native code)


---------------  P R O C E S S  ---------------

Java Threads: ( => current thread )
  0x000000001d876000 JavaThread "stdout" [_thread_in_native, id=10044, stack(0x0000000031340000,0x0000000031440000)]
  0x0000000018b19000 JavaThread "stderr" [_thread_in_native, id=11092, stack(0x0000000031240000,0x0000000031340000)]
  0x0000000018b18800 JavaThread "pool-29-thread-1" [_thread_blocked, id=10544, stack(0x0000000031140000,0x0000000031240000)]
  0x0000000018b1d000 JavaThread "Task worker for ':' Thread 3" [_thread_blocked, id=10228, stack(0x0000000031040000,0x0000000031140000)]
  0x0000000018b1c000 JavaThread "Task worker for ':' Thread 2" [_thread_blocked, id=8228, stack(0x0000000030f40000,0x0000000031040000)]
  0x0000000018b1b800 JavaThread "Task worker for ':'" [_thread_blocked, id=2872, stack(0x0000000030e40000,0x0000000030f40000)]
  0x0000000018b1e800 JavaThread "Cache worker for Build Output Cleanup Cache (C:\Users\rawal\AndroidStudioProjects\Edureka10\.gradle\buildOutputCleanup)" [_thread_blocked, id=4104, stack(0x0000000030d40000,0x0000000030e40000)]
  0x0000000018b1a800 JavaThread "Cache worker for task history cache (C:\Users\rawal\AndroidStudioProjects\Edureka10\.gradle\4.6\taskHistory)" [_thread_blocked, id=10368, stack(0x0000000030c40000,0x0000000030d40000)]
  0x0000000018b1d800 JavaThread "Cache worker for file content cache (C:\Users\rawal\AndroidStudioProjects\Edureka10\.gradle\4.6\fileContent)" [_thread_blocked, id=10348, stack(0x0000000030b40000,0x0000000030c40000)]
  0x0000000018b1a000 JavaThread "Build operations Thread 4" [_thread_blocked, id=11096, stack(0x0000000030a40000,0x0000000030b40000)]
  0x0000000018b11000 JavaThread "Build operations Thread 3" [_thread_blocked, id=168, stack(0x0000000030940000,0x0000000030a40000)]
  0x0000000018b17000 JavaThread "Build operations Thread 2" [_thread_blocked, id=10560, stack(0x0000000030840000,0x0000000030940000)]
  0x0000000018b17800 JavaThread "Build operations" [_thread_blocked, id=9976, stack(0x0000000030740000,0x0000000030840000)]
  0x0000000018b16000 JavaThread "Cache worker for Artifact transforms cache (C:\Users\rawal\.gradle\caches\transforms-1)" [_thread_blocked, id=9864, stack(0x0000000030640000,0x0000000030740000)]
  0x0000000018b0e800 JavaThread "Cache worker for file hash cache (C:\Users\rawal\AndroidStudioProjects\Edureka10\.gradle\4.6\fileHashes)" [_thread_blocked, id=11176, stack(0x0000000030540000,0x0000000030640000)]
  0x0000000018b11800 JavaThread "Stdin handler" [_thread_blocked, id=2576, stack(0x0000000030440000,0x0000000030540000)]
  0x0000000018b14800 JavaThread "Asynchronous log dispatcher for DefaultDaemonConnection: socket connection from /127.0.0.1:55524 to /127.0.0.1:59638" [_thread_blocked, id=6772, stack(0x0000000030340000,0x0000000030440000)]
  0x0000000018b10000 JavaThread "Daemon worker Thread 7" [_thread_blocked, id=3028, stack(0x0000000030240000,0x0000000030340000)]
  0x0000000018b14000 JavaThread "Cancel handler" [_thread_blocked, id=5036, stack(0x0000000030140000,0x0000000030240000)]
  0x0000000018b13000 JavaThread "Handler for socket connection from /127.0.0.1:55524 to /127.0.0.1:59638" [_thread_in_native, id=11256, stack(0x0000000030040000,0x0000000030140000)]
  0x0000000018b15800 JavaThread "Daemon Thread 7" [_thread_blocked, id=10676, stack(0x000000002ff40000,0x0000000030040000)]
  0x000000001d878800 JavaThread "MarlinRenderer Disposer" daemon [_thread_blocked, id=4112, stack(0x0000000027240000,0x0000000027340000)]
  0x000000001d874000 JavaThread "Java2D Disposer" daemon [_thread_blocked, id=10476, stack(0x0000000027140000,0x0000000027240000)]
  0x000000001ba0f000 JavaThread "pool-1-thread-1" [_thread_blocked, id=10712, stack(0x0000000020df0000,0x0000000020ef0000)]
  0x000000001ba11000 JavaThread "Memory manager" [_thread_blocked, id=1236, stack(0x0000000020af0000,0x0000000020bf0000)]
  0x00000000194b9000 JavaThread "File lock request listener" [_thread_in_native, id=2676, stack(0x000000001ad50000,0x000000001ae50000)]
  0x0000000019458000 JavaThread "Cache worker for file hash cache (C:\Users\rawal\.gradle\caches\4.6\fileHashes)" [_thread_blocked, id=3476, stack(0x000000001ac50000,0x000000001ad50000)]
  0x0000000019329800 JavaThread "Daemon periodic checks" [_thread_blocked, id=5016, stack(0x000000001a150000,0x000000001a250000)]
  0x00000000192f5800 JavaThread "Incoming local TCP Connector on port 55524" [_thread_in_native, id=6272, stack(0x0000000019f10000,0x000000001a010000)]
  0x0000000017c09800 JavaThread "Service Thread" daemon [_thread_blocked, id=6084, stack(0x0000000018000000,0x0000000018100000)]
  0x00000000162f1800 JavaThread "C1 CompilerThread2" daemon [_thread_blocked, id=10052, stack(0x0000000017b00000,0x0000000017c00000)]
  0x00000000162bd000 JavaThread "C2 CompilerThread1" daemon [_thread_blocked, id=908, stack(0x0000000017a00000,0x0000000017b00000)]
  0x00000000162bb000 JavaThread "C2 CompilerThread0" daemon [_thread_blocked, id=9520, stack(0x0000000017900000,0x0000000017a00000)]
  0x00000000162c5800 JavaThread "Attach Listener" daemon [_thread_blocked, id=1552, stack(0x0000000017800000,0x0000000017900000)]
  0x00000000162c4800 JavaThread "Signal Dispatcher" daemon [_thread_blocked, id=4592, stack(0x0000000017700000,0x0000000017800000)]
  0x000000000288c000 JavaThread "Finalizer" daemon [_thread_blocked, id=6420, stack(0x0000000017510000,0x0000000017610000)]
  0x0000000002881000 JavaThread "Reference Handler" daemon [_thread_blocked, id=8232, stack(0x0000000017410000,0x0000000017510000)]
  0x0000000000a4e000 JavaThread "main" [_thread_blocked, id=5220, stack(0x0000000000e80000,0x0000000000f80000)]

Other Threads:
  0x0000000016285800 VMThread [stack: 0x0000000017310000,0x0000000017410000] [id=2376]
  0x0000000017c0c800 WatcherThread [stack: 0x0000000018100000,0x0000000018200000] [id=9468]

=>0x00000000027ac000 (exited) GCTaskThread [stack: 0x0000000012520000,0x0000000012620000] [id=2012]

VM state:at safepoint (normal execution)

VM Mutex/Monitor currently owned by a thread:  ([mutex/lock_event])
[0x0000000000a4c8b0] Threads_lock - owner thread: 0x0000000016285800
[0x0000000000a4cf30] Heap_lock - owner thread: 0x0000000018b1b800

Heap:
 PSYoungGen      total 270848K, used 239824K [0x00000000e0000000, 0x00000000f4080000, 0x0000000100000000)
  eden space 228864K, 100% used [0x00000000e0000000,0x00000000edf80000,0x00000000edf80000)
  from space 41984K, 26% used [0x00000000edf80000,0x00000000eea343a0,0x00000000f0880000)
  to   space 40960K, 20% used [0x00000000f1880000,0x00000000f20a4130,0x00000000f4080000)
 ParOldGen       total 259072K, used 89890K [0x00000000a0000000, 0x00000000afd00000, 0x00000000e0000000)
  object space 259072K, 34% used [0x00000000a0000000,0x00000000a57c8b90,0x00000000afd00000)
 Metaspace       used 98807K, capacity 103636K, committed 103884K, reserved 1140736K
  class space    used 12402K, capacity 13463K, committed 13556K, reserved 1048576K

Card table byte_map: [0x0000000011d10000,0x0000000012020000] byte_map_base: 0x0000000011810000

Marking Bits: (ParMarkBitMap*) 0x00000000553a5aa0
 Begin Bits: [0x0000000012620000, 0x0000000013e20000)
 End Bits:   [0x0000000013e20000, 0x0000000015620000)

Polling page: 0x00000000009d0000

CodeCache: size=245760Kb used=61828Kb max_used=61840Kb free=183931Kb
 bounds [0x0000000002950000, 0x0000000006610000, 0x0000000011950000]
 total_blobs=19199 nmethods=18194 adapters=916
 compilation: enabled

Compilation events (10 events):
Event: 4018.952 Thread 0x00000000162bd000 nmethod 23134 0x00000000065d8910 code [0x00000000065d8a80, 0x00000000065d9158]
Event: 4018.952 Thread 0x00000000162bd000 23148       4       com.google.common.collect.ImmutableMap::copyOf (58 bytes)
Event: 4018.952 Thread 0x00000000162f1800 nmethod 23143 0x00000000065f4d50 code [0x00000000065f5620, 0x00000000065fbeb8]
Event: 4018.952 Thread 0x00000000162f1800 23144       3       com.android.ide.common.symbols.SymbolTable$SymbolTableImpl::<init> (27 bytes)
Event: 4018.953 Thread 0x00000000162f1800 nmethod 23144 0x00000000065d81d0 code [0x00000000065d8360, 0x00000000065d8758]
Event: 4018.953 Thread 0x00000000162f1800 23145       3       com.android.ide.common.symbols.SymbolTable::<init> (5 bytes)
Event: 4018.953 Thread 0x00000000162f1800 nmethod 23145 0x00000000065c05d0 code [0x00000000065c0720, 0x00000000065c08d0]
Event: 4018.955 Thread 0x00000000162bb000 nmethod 23139 0x00000000065bfc10 code [0x00000000065bfd80, 0x00000000065c0198]
Event: 4018.955 Thread 0x00000000162bb000 23147       4       com.android.ide.common.symbols.SymbolIo::readSymbolListWithPackageLine (179 bytes)
Event: 4018.959 Thread 0x00000000162f1800 23150       3       java.io.InputStreamReader::close (8 bytes)

GC Heap History (10 events):
Event: 3261.554 GC heap after
Heap after GC invocations=25 (full 3):
 PSYoungGen      total 245248K, used 28137K [0x00000000e0000000, 0x00000000f1b00000, 0x0000000100000000)
  eden space 204800K, 0% used [0x00000000e0000000,0x00000000e0000000,0x00000000ec800000)
  from space 40448K, 69% used [0x00000000ef380000,0x00000000f0efa578,0x00000000f1b00000)
  to   space 42496K, 0% used [0x00000000ec800000,0x00000000ec800000,0x00000000ef180000)
 ParOldGen       total 150528K, used 92218K [0x00000000a0000000, 0x00000000a9300000, 0x00000000e0000000)
  object space 150528K, 61% used [0x00000000a0000000,0x00000000a5a0e878,0x00000000a9300000)
 Metaspace       used 93549K, capacity 98264K, committed 98380K, reserved 1134592K
  class space    used 11951K, capacity 13096K, committed 13172K, reserved 1048576K
}
Event: 3261.554 GC heap before
{Heap before GC invocations=26 (full 4):
 PSYoungGen      total 245248K, used 28137K [0x00000000e0000000, 0x00000000f1b00000, 0x0000000100000000)
  eden space 204800K, 0% used [0x00000000e0000000,0x00000000e0000000,0x00000000ec800000)
  from space 40448K, 69% used [0x00000000ef380000,0x00000000f0efa578,0x00000000f1b00000)
  to   space 42496K, 0% used [0x00000000ec800000,0x00000000ec800000,0x00000000ef180000)
 ParOldGen       total 150528K, used 92218K [0x00000000a0000000, 0x00000000a9300000, 0x00000000e0000000)
  object space 150528K, 61% used [0x00000000a0000000,0x00000000a5a0e878,0x00000000a9300000)
 Metaspace       used 93549K, capacity 98264K, committed 98380K, reserved 1134592K
  class space    used 11951K, capacity 13096K, committed 13172K, reserved 1048576K
Event: 3262.019 GC heap after
Heap after GC invocations=26 (full 4):
 PSYoungGen      total 245248K, used 0K [0x00000000e0000000, 0x00000000f1b00000, 0x0000000100000000)
  eden space 204800K, 0% used [0x00000000e0000000,0x00000000e0000000,0x00000000ec800000)
  from space 40448K, 0% used [0x00000000ef380000,0x00000000ef380000,0x00000000f1b00000)
  to   space 42496K, 0% used [0x00000000ec800000,0x00000000ec800000,0x00000000ef180000)
 ParOldGen       total 259072K, used 89858K [0x00000000a0000000, 0x00000000afd00000, 0x00000000e0000000)
  object space 259072K, 34% used [0x00000000a0000000,0x00000000a57c0b90,0x00000000afd00000)
 Metaspace       used 92116K, capacity 95834K, committed 98380K, reserved 1134592K
  class space    used 11642K, capacity 12590K, committed 13172K, reserved 1048576K
}
Event: 3264.536 GC heap before
{Heap before GC invocations=27 (full 4):
 PSYoungGen      total 245248K, used 204800K [0x00000000e0000000, 0x00000000f1b00000, 0x0000000100000000)
  eden space 204800K, 100% used [0x00000000e0000000,0x00000000ec800000,0x00000000ec800000)
  from space 40448K, 0% used [0x00000000ef380000,0x00000000ef380000,0x00000000f1b00000)
  to   space 42496K, 0% used [0x00000000ec800000,0x00000000ec800000,0x00000000ef180000)
 ParOldGen       total 259072K, used 89858K [0x00000000a0000000, 0x00000000afd00000, 0x00000000e0000000)
  object space 259072K, 34% used [0x00000000a0000000,0x00000000a57c0b90,0x00000000afd00000)
 Metaspace       used 96561K, capacity 101016K, committed 101324K, reserved 1136640K
  class space    used 12135K, capacity 13159K, committed 13300K, reserved 1048576K
Event: 3264.552 GC heap after
Heap after GC invocations=27 (full 4):
 PSYoungGen      total 247296K, used 4619K [0x00000000e0000000, 0x00000000f3700000, 0x0000000100000000)
  eden space 204800K, 0% used [0x00000000e0000000,0x00000000e0000000,0x00000000ec800000)
  from space 42496K, 10% used [0x00000000ec800000,0x00000000ecc82df8,0x00000000ef180000)
  to   space 43520K, 0% used [0x00000000f0c80000,0x00000000f0c80000,0x00000000f3700000)
 ParOldGen       total 259072K, used 89866K [0x00000000a0000000, 0x00000000afd00000, 0x00000000e0000000)
  object space 259072K, 34% used [0x00000000a0000000,0x00000000a57c2b90,0x00000000afd00000)
 Metaspace       used 96561K, capacity 101016K, committed 101324K, reserved 1136640K
  class space    used 12135K, capacity 13159K, committed 13300K, reserved 1048576K
}
Event: 3267.275 GC heap before
{Heap before GC invocations=28 (full 4):
 PSYoungGen      total 247296K, used 209419K [0x00000000e0000000, 0x00000000f3700000, 0x0000000100000000)
  eden space 204800K, 100% used [0x00000000e0000000,0x00000000ec800000,0x00000000ec800000)
  from space 42496K, 10% used [0x00000000ec800000,0x00000000ecc82df8,0x00000000ef180000)
  to   space 43520K, 0% used [0x00000000f0c80000,0x00000000f0c80000,0x00000000f3700000)
 ParOldGen       total 259072K, used 89866K [0x00000000a0000000, 0x00000000afd00000, 0x00000000e0000000)
  object space 259072K, 34% used [0x00000000a0000000,0x00000000a57c2b90,0x00000000afd00000)
 Metaspace       used 96969K, capacity 101512K, committed 101836K, reserved 1138688K
  class space    used 12166K, capacity 13205K, committed 13300K, reserved 1048576K
Event: 3267.288 GC heap after
Heap after GC invocations=28 (full 4):
 PSYoungGen      total 266752K, used 14206K [0x00000000e0000000, 0x00000000f3180000, 0x0000000100000000)
  eden space 228864K, 0% used [0x00000000e0000000,0x00000000e0000000,0x00000000edf80000)
  from space 37888K, 37% used [0x00000000f0c80000,0x00000000f1a5fb88,0x00000000f3180000)
  to   space 41984K, 0% used [0x00000000edf80000,0x00000000edf80000,0x00000000f0880000)
 ParOldGen       total 259072K, used 89874K [0x00000000a0000000, 0x00000000afd00000, 0x00000000e0000000)
  object space 259072K, 34% used [0x00000000a0000000,0x00000000a57c4b90,0x00000000afd00000)
 Metaspace       used 96969K, capacity 101512K, committed 101836K, reserved 1138688K
  class space    used 12166K, capacity 13205K, committed 13300K, reserved 1048576K
}
Event: 3269.976 GC heap before
{Heap before GC invocations=29 (full 4):
 PSYoungGen      total 266752K, used 243070K [0x00000000e0000000, 0x00000000f3180000, 0x0000000100000000)
  eden space 228864K, 100% used [0x00000000e0000000,0x00000000edf80000,0x00000000edf80000)
  from space 37888K, 37% used [0x00000000f0c80000,0x00000000f1a5fb88,0x00000000f3180000)
  to   space 41984K, 0% used [0x00000000edf80000,0x00000000edf80000,0x00000000f0880000)
 ParOldGen       total 259072K, used 89874K [0x00000000a0000000, 0x00000000afd00000, 0x00000000e0000000)
  object space 259072K, 34% used [0x00000000a0000000,0x00000000a57c4b90,0x00000000afd00000)
 Metaspace       used 97668K, capacity 102224K, committed 102476K, reserved 1138688K
  class space    used 12243K, capacity 13273K, committed 13428K, reserved 1048576K
Event: 3269.983 GC heap after
Heap after GC invocations=29 (full 4):
 PSYoungGen      total 270848K, used 10960K [0x00000000e0000000, 0x00000000f4080000, 0x0000000100000000)
  eden space 228864K, 0% used [0x00000000e0000000,0x00000000e0000000,0x00000000edf80000)
  from space 41984K, 26% used [0x00000000edf80000,0x00000000eea343a0,0x00000000f0880000)
  to   space 40960K, 0% used [0x00000000f1880000,0x00000000f1880000,0x00000000f4080000)
 ParOldGen       total 259072K, used 89882K [0x00000000a0000000, 0x00000000afd00000, 0x00000000e0000000)
  object space 259072K, 34% used [0x00000000a0000000,0x00000000a57c6b90,0x00000000afd00000)
 Metaspace       used 97668K, capacity 102224K, committed 102476K, reserved 1138688K
  class space    used 12243K, capacity 13273K, committed 13428K, reserved 1048576K
}
Event: 4018.959 GC heap before
{Heap before GC invocations=30 (full 4):
 PSYoungGen      total 270848K, used 239824K [0x00000000e0000000, 0x00000000f4080000, 0x0000000100000000)
  eden space 228864K, 100% used [0x00000000e0000000,0x00000000edf80000,0x00000000edf80000)
  from space 41984K, 26% used [0x00000000edf80000,0x00000000eea343a0,0x00000000f0880000)
  to   space 40960K, 0% used [0x00000000f1880000,0x00000000f1880000,0x00000000f4080000)
 ParOldGen       total 259072K, used 89882K [0x00000000a0000000, 0x00000000afd00000, 0x00000000e0000000)
  object space 259072K, 34% used [0x00000000a0000000,0x00000000a57c6b90,0x00000000afd00000)
 Metaspace       used 98807K, capacity 103636K, committed 103884K, reserved 1140736K
  class space    used 12402K, capacity 13463K, committed 13556K, reserved 1048576K

Deoptimization events (10 events):
Event: 3272.241 Thread 0x000000001d87a000 Uncommon trap: reason=bimorphic action=maybe_recompile pc=0x00000000063e3e60 method=java.util.AbstractCollection.remove(Ljava/lang/Object;)Z @ 1
Event: 3272.251 Thread 0x000000001d87a000 Uncommon trap: reason=bimorphic action=maybe_recompile pc=0x00000000063e3e60 method=java.util.AbstractCollection.remove(Ljava/lang/Object;)Z @ 1
Event: 3272.265 Thread 0x000000001d87a000 Uncommon trap: reason=bimorphic action=maybe_recompile pc=0x00000000063e3e60 method=java.util.AbstractCollection.remove(Ljava/lang/Object;)Z @ 1
Event: 3272.283 Thread 0x000000001d87a000 Uncommon trap: reason=bimorphic action=maybe_recompile pc=0x00000000063e3e60 method=java.util.AbstractCollection.remove(Ljava/lang/Object;)Z @ 1
Event: 3272.325 Thread 0x000000001ba0f000 Uncommon trap: reason=unstable_if action=reinterpret pc=0x0000000002f61e88 method=com.google.protobuf.CodedOutputStream.computeUInt32SizeNoTag(I)I @ 14
Event: 4017.031 Thread 0x0000000018b10000 Uncommon trap: reason=null_check action=make_not_entrant pc=0x000000000312cbe0 method=org.gradle.api.internal.collections.CollectionFilter.filter(Ljava/lang/Object;)Ljava/lang/Object; @ 5
Event: 4017.042 Thread 0x0000000018b10000 Uncommon trap: reason=unstable_if action=reinterpret pc=0x0000000005c7bd04 method=com.google.common.collect.ImmutableSet.construct(I[Ljava/lang/Object;)Lcom/google/common/collect/ImmutableSet; @ 146
Event: 4017.147 Thread 0x0000000018b10000 Uncommon trap: reason=unstable_if action=reinterpret pc=0x0000000002a5faa8 method=java.util.regex.Pattern.sequence(Ljava/util/regex/Pattern$Node;)Ljava/util/regex/Pattern$Node; @ 144
Event: 4017.967 Thread 0x0000000018b10000 Uncommon trap: reason=array_check action=maybe_recompile pc=0x00000000049ceea4 method=com.google.common.collect.RegularImmutableMap.fromEntryArray(I[Ljava/util/Map$Entry;)Lcom/google/common/collect/RegularImmutableMap; @ 200
Event: 4017.967 Thread 0x0000000018b10000 Uncommon trap: reason=array_check action=maybe_recompile pc=0x00000000049ceea4 method=com.google.common.collect.RegularImmutableMap.fromEntryArray(I[Ljava/util/Map$Entry;)Lcom/google/common/collect/RegularImmutableMap; @ 200

Classes redefined (0 events):
No events

Internal exceptions (10 events):
Event: 4017.040 Thread 0x0000000018b10000 Exception <a 'sun/nio/fs/WindowsException'> (0x00000000ea639ec8) thrown at [D:\src\AOSP-openjdk-cygwin\jdk8u\hotspot\src\share\vm\prims\jni.cpp, line 709]
Event: 4017.040 Thread 0x0000000018b10000 Exception <a 'sun/nio/fs/WindowsException'> (0x00000000ea63aa38) thrown at [D:\src\AOSP-openjdk-cygwin\jdk8u\hotspot\src\share\vm\prims\jni.cpp, line 709]
Event: 4017.041 Thread 0x0000000018b10000 Exception <a 'sun/nio/fs/WindowsException'> (0x00000000ea63e170) thrown at [D:\src\AOSP-openjdk-cygwin\jdk8u\hotspot\src\share\vm\prims\jni.cpp, line 709]
Event: 4017.041 Thread 0x0000000018b10000 Exception <a 'sun/nio/fs/WindowsException'> (0x00000000ea63ecb8) thrown at [D:\src\AOSP-openjdk-cygwin\jdk8u\hotspot\src\share\vm\prims\jni.cpp, line 709]
Event: 4017.041 Thread 0x0000000018b10000 Exception <a 'sun/nio/fs/WindowsException'> (0x00000000ea640830) thrown at [D:\src\AOSP-openjdk-cygwin\jdk8u\hotspot\src\share\vm\prims\jni.cpp, line 709]
Event: 4017.041 Thread 0x0000000018b10000 Exception <a 'sun/nio/fs/WindowsException'> (0x00000000ea6413b8) thrown at [D:\src\AOSP-openjdk-cygwin\jdk8u\hotspot\src\share\vm\prims\jni.cpp, line 709]
Event: 4017.041 Thread 0x0000000018b10000 Exception <a 'sun/nio/fs/WindowsException'> (0x00000000ea644418) thrown at [D:\src\AOSP-openjdk-cygwin\jdk8u\hotspot\src\share\vm\prims\jni.cpp, line 709]
Event: 4017.041 Thread 0x0000000018b10000 Exception <a 'sun/nio/fs/WindowsException'> (0x00000000ea644f50) thrown at [D:\src\AOSP-openjdk-cygwin\jdk8u\hotspot\src\share\vm\prims\jni.cpp, line 709]
Event: 4017.041 Thread 0x0000000018b10000 Exception <a 'sun/nio/fs/WindowsException'> (0x00000000ea646ac8) thrown at [D:\src\AOSP-openjdk-cygwin\jdk8u\hotspot\src\share\vm\prims\jni.cpp, line 709]
Event: 4017.041 Thread 0x0000000018b10000 Exception <a 'sun/nio/fs/WindowsException'> (0x00000000ea647638) thrown at [D:\src\AOSP-openjdk-cygwin\jdk8u\hotspot\src\share\vm\prims\jni.cpp, line 709]

Events (10 events):
Event: 4018.373 Executing VM operation: RevokeBias
Event: 4018.373 Executing VM operation: RevokeBias done
Event: 4018.373 Executing VM operation: RevokeBias
Event: 4018.373 Executing VM operation: RevokeBias done
Event: 4018.373 Executing VM operation: RevokeBias
Event: 4018.373 Executing VM operation: RevokeBias done
Event: 4018.441 Thread 0x0000000018b18800 Thread added: 0x0000000018b18800
Event: 4018.448 Thread 0x0000000018b19000 Thread added: 0x0000000018b19000
Event: 4018.448 Thread 0x000000001d876000 Thread added: 0x000000001d876000
Event: 4018.959 Executing VM operation: ParallelGCFailedAllocation


Dynamic libraries:
0x00007ff7bbb70000 - 0x00007ff7bbba1000 	C:\Program Files\Android\Android Studio\jre\bin\java.exe
0x00007ff8786d0000 - 0x00007ff8788b1000 	C:\WINDOWS\SYSTEM32\ntdll.dll
0x00007ff8783c0000 - 0x00007ff878472000 	C:\WINDOWS\System32\KERNEL32.DLL
0x00007ff8753d0000 - 0x00007ff875643000 	C:\WINDOWS\System32\KERNELBASE.dll
0x00007ff877f70000 - 0x00007ff878011000 	C:\WINDOWS\System32\ADVAPI32.dll
0x00007ff878600000 - 0x00007ff87869e000 	C:\WINDOWS\System32\msvcrt.dll
0x00007ff8785a0000 - 0x00007ff8785fb000 	C:\WINDOWS\System32\sechost.dll
0x00007ff8781c0000 - 0x00007ff8782e4000 	C:\WINDOWS\System32\RPCRT4.dll
0x00007ff8768f0000 - 0x00007ff876a80000 	C:\WINDOWS\System32\USER32.dll
0x00007ff8753b0000 - 0x00007ff8753d0000 	C:\WINDOWS\System32\win32u.dll
0x00007ff8768c0000 - 0x00007ff8768e8000 	C:\WINDOWS\System32\GDI32.dll
0x00007ff8758c0000 - 0x00007ff875a52000 	C:\WINDOWS\System32\gdi32full.dll
0x00007ff8752b0000 - 0x00007ff87534f000 	C:\WINDOWS\System32\msvcp_win.dll
0x00007ff875a60000 - 0x00007ff875b5a000 	C:\WINDOWS\System32\ucrtbase.dll
0x00007ff86af00000 - 0x00007ff86b169000 	C:\WINDOWS\WinSxS\amd64_microsoft.windows.common-controls_6595b64144ccf1df_6.0.17134.472_none_fb3f9af53068156d\COMCTL32.dll
0x00007ff876590000 - 0x00007ff8768b2000 	C:\WINDOWS\System32\combase.dll
0x00007ff875650000 - 0x00007ff8756ca000 	C:\WINDOWS\System32\bcryptPrimitives.dll
0x00007ff875bc0000 - 0x00007ff875bed000 	C:\WINDOWS\System32\IMM32.DLL
0x0000000054b00000 - 0x0000000054bd2000 	C:\Program Files\Android\Android Studio\jre\jre\bin\msvcr100.dll
0x0000000054be0000 - 0x0000000055421000 	C:\Program Files\Android\Android Studio\jre\jre\bin\server\jvm.dll
0x00007ff876580000 - 0x00007ff876588000 	C:\WINDOWS\System32\PSAPI.DLL
0x00007ff86e6b0000 - 0x00007ff86e6b9000 	C:\WINDOWS\SYSTEM32\WSOCK32.dll
0x00007ff872b80000 - 0x00007ff872ba3000 	C:\WINDOWS\SYSTEM32\WINMM.dll
0x00007ff870460000 - 0x00007ff87046a000 	C:\WINDOWS\SYSTEM32\VERSION.dll
0x00007ff878530000 - 0x00007ff87859c000 	C:\WINDOWS\System32\WS2_32.dll
0x00007ff872b50000 - 0x00007ff872b7a000 	C:\WINDOWS\SYSTEM32\WINMMBASE.dll
0x00007ff875260000 - 0x00007ff8752a9000 	C:\WINDOWS\System32\cfgmgr32.dll
0x00007ff871630000 - 0x00007ff87163f000 	C:\Program Files\Android\Android Studio\jre\jre\bin\verify.dll
0x00007ff86e7d0000 - 0x00007ff86e7f9000 	C:\Program Files\Android\Android Studio\jre\jre\bin\java.dll
0x00007ff86a810000 - 0x00007ff86a826000 	C:\Program Files\Android\Android Studio\jre\jre\bin\zip.dll
0x00007ff876b30000 - 0x00007ff877f70000 	C:\WINDOWS\System32\SHELL32.dll
0x00007ff876a80000 - 0x00007ff876b29000 	C:\WINDOWS\System32\shcore.dll
0x00007ff874b50000 - 0x00007ff87525d000 	C:\WINDOWS\System32\windows.storage.dll
0x00007ff8760d0000 - 0x00007ff876121000 	C:\WINDOWS\System32\shlwapi.dll
0x00007ff874a30000 - 0x00007ff874a41000 	C:\WINDOWS\System32\kernel.appcore.dll
0x00007ff874a50000 - 0x00007ff874a6f000 	C:\WINDOWS\System32\profapi.dll
0x00007ff8749e0000 - 0x00007ff874a2c000 	C:\WINDOWS\System32\powrprof.dll
0x00007ff874a70000 - 0x00007ff874a7a000 	C:\WINDOWS\System32\FLTLIB.DLL
0x00007ff869c70000 - 0x00007ff869c8a000 	C:\Program Files\Android\Android Studio\jre\jre\bin\net.dll
0x00007ff874200000 - 0x00007ff874266000 	C:\WINDOWS\system32\mswsock.dll
0x00007ff8683e0000 - 0x00007ff8683f1000 	C:\Program Files\Android\Android Studio\jre\jre\bin\nio.dll
0x00007ff860ef0000 - 0x00007ff860f0e000 	C:\Users\rawal\.gradle\native\25\windows-amd64\native-platform.dll
0x00007ff871620000 - 0x00007ff87162d000 	C:\Program Files\Android\Android Studio\jre\jre\bin\management.dll
0x00007ff8743b0000 - 0x00007ff8743c7000 	C:\WINDOWS\SYSTEM32\CRYPTSP.dll
0x00007ff873de0000 - 0x00007ff873e13000 	C:\WINDOWS\system32\rsaenh.dll
0x00007ff8744e0000 - 0x00007ff874505000 	C:\WINDOWS\SYSTEM32\bcrypt.dll
0x00007ff874910000 - 0x00007ff874938000 	C:\WINDOWS\SYSTEM32\USERENV.dll
0x00007ff8743d0000 - 0x00007ff8743db000 	C:\WINDOWS\SYSTEM32\CRYPTBASE.dll
0x00007ff873f80000 - 0x00007ff873fb8000 	C:\WINDOWS\SYSTEM32\IPHLPAPI.DLL
0x00007ff875e30000 - 0x00007ff875e38000 	C:\WINDOWS\System32\NSI.dll
0x00007ff86f6d0000 - 0x00007ff86f6e6000 	C:\WINDOWS\SYSTEM32\dhcpcsvc6.DLL
0x00007ff86f590000 - 0x00007ff86f5aa000 	C:\WINDOWS\SYSTEM32\dhcpcsvc.DLL
0x00007ff872e30000 - 0x00007ff872ebb000 	C:\WINDOWS\system32\apphelp.dll
0x00007ff8442e0000 - 0x00007ff844477000 	C:\Program Files\Android\Android Studio\jre\jre\bin\awt.dll
0x00007ff8782f0000 - 0x00007ff8783b2000 	C:\WINDOWS\System32\OLEAUT32.dll
0x00007ff871fc0000 - 0x00007ff872587000 	C:\WINDOWS\SYSTEM32\d2d1.dll
0x00007ff873170000 - 0x00007ff873199000 	C:\WINDOWS\system32\DWMAPI.DLL
0x00007ff8730a0000 - 0x00007ff873138000 	C:\WINDOWS\system32\uxtheme.dll
0x00007ff866040000 - 0x00007ff866064000 	C:\Program Files\Android\Android Studio\jre\jre\bin\sunec.dll
0x00007ff873fc0000 - 0x00007ff87407e000 	C:\WINDOWS\SYSTEM32\DNSAPI.dll
0x00007ff86eca0000 - 0x00007ff86ecaa000 	C:\Windows\System32\rasadhlp.dll
0x00007ff86f140000 - 0x00007ff86f1b2000 	C:\WINDOWS\System32\fwpuclnt.dll
0x00007ff86a800000 - 0x00007ff86a80b000 	C:\Program Files\Android\Android Studio\jre\jre\bin\sunmscapi.dll
0x00007ff8756d0000 - 0x00007ff8758b2000 	C:\WINDOWS\System32\CRYPT32.dll
0x00007ff874a80000 - 0x00007ff874a92000 	C:\WINDOWS\System32\MSASN1.dll
0x00007ff873ad0000 - 0x00007ff873b01000 	C:\WINDOWS\SYSTEM32\ntmarta.dll
0x00007ff867650000 - 0x00007ff867819000 	C:\WINDOWS\SYSTEM32\dbghelp.dll

VM Arguments:
jvm_args: -Xmx1536m -Dfile.encoding=windows-1252 -Duser.country=US -Duser.language=en -Duser.variant 
java_command: org.gradle.launcher.daemon.bootstrap.GradleDaemon 4.6
java_class_path (initial): C:\Users\rawal\.gradle\wrapper\dists\gradle-4.6-all\bcst21l2brirad8k2ben1letg\gradle-4.6\lib\gradle-launcher-4.6.jar
Launcher Type: SUN_STANDARD

Environment Variables:
PATH=C:\Program Files (x86)\Common Files\Oracle\Java\javapath;C:\Windows\system32;C:\Windows;C:\Windows\System32\Wbem;C:\Windows\System32\WindowsPowerShell\v1.0\;C:\Program Files (x86)\NVIDIA Corporation\PhysX\Common;C:\Program Files\NVIDIA Corporation\NVIDIA NvDLISR;C:\Program Files\Git\cmd;C:\Users\rawal\AppData\Local\Programs\Python\Python37-32\Scripts;%SystemRoot%\system32;%SystemRoot%;%SystemRoot%\System32\Wbem;%SYSTEMROOT%\System32\WindowsPowerShell\v1.0\;%SYSTEMROOT%\System32\OpenSSH\;C:\Users\rawal\AppData\Local\Programs\Python\Python36-32\Scripts\;C:\Users\rawal\AppData\Local\Programs\Python\Python36-32\;C:\Users\rawal\AppData\Local\Programs\Python\Python37-32\Scripts\;C:\Users\rawal\AppData\Local\Programs\Python\Python37-32\;C:\Users\rawal\AppData\Local\Microsoft\WindowsApps;;C:\Program Files\JetBrains\PyCharm 2018.3.1\bin;;C:\Program Files\JetBrains\CLion 2018.3.2\bin;
USERNAME=rawal
OS=Windows_NT
PROCESSOR_IDENTIFIER=Intel64 Family 6 Model 158 Stepping 9, GenuineIntel



---------------  S Y S T E M  ---------------

OS: Windows 10.0 , 64 bit Build 17134 (10.0.17134.1)

CPU:total 4 (initial active 4) (2 cores per cpu, 2 threads per core) family 6 model 158 stepping 9, cmov, cx8, fxsr, mmx, sse, sse2, sse3, ssse3, sse4.1, sse4.2, popcnt, aes, clmul, erms, 3dnowpref, lzcnt, ht, tsc, tscinvbit

Memory: 4k page, physical 8340920k(2666688k free), swap 10307000k(1746844k free)

vm_info: OpenJDK 64-Bit Server VM (25.152-b06) for windows-amd64 JRE (1.8.0_152-release-1136-b06), built by "builder" with MS VC++ 10.0 (VS2010)

time: Wed Jan 09 21:30:47 2019
elapsed time: 4018 seconds (0d 1h 6m 58s)

